<?xml version="1.0" encoding="UTF-8"?>
<testsuite xmlns:xsi="http://www.w3.org/2001/XMLSchema-instance" xsi:noNamespaceSchemaLocation="https://maven.apache.org/surefire/maven-surefire-plugin/xsd/surefire-test-report-3.0.xsd" version="3.0" name="TestSuite" time="6.551" tests="8" errors="0" skipped="0" failures="0">
  <properties>
    <property name="java.specification.version" value="13"/>
    <property name="sun.jnu.encoding" value="UTF-8"/>
    <property name="java.class.path" value="/Users/rajatsharma/eclipse-workspace/testNGFWK/target/test-classes:/Users/rajatsharma/eclipse-workspace/testNGFWK/target/classes:/Users/rajatsharma/.m2/repository/org/testng/testng/7.0.0/testng-7.0.0.jar:/Users/rajatsharma/.m2/repository/com/beust/jcommander/1.72/jcommander-1.72.jar:/Users/rajatsharma/.m2/repository/com/aventstack/extentreports/4.1.5/extentreports-4.1.5.jar:/Users/rajatsharma/.m2/repository/org/freemarker/freemarker/2.3.29/freemarker-2.3.29.jar:/Users/rajatsharma/.m2/repository/org/apache/httpcomponents/httpclient/4.5.2/httpclient-4.5.2.jar:/Users/rajatsharma/.m2/repository/org/apache/httpcomponents/httpcore/4.4.4/httpcore-4.4.4.jar:/Users/rajatsharma/.m2/repository/commons-logging/commons-logging/1.2/commons-logging-1.2.jar:/Users/rajatsharma/.m2/repository/commons-codec/commons-codec/1.9/commons-codec-1.9.jar:/Users/rajatsharma/.m2/repository/org/apache/httpcomponents/httpmime/4.5.2/httpmime-4.5.2.jar:/Users/rajatsharma/.m2/repository/com/google/code/gson/gson/2.8.6/gson-2.8.6.jar:/Users/rajatsharma/.m2/repository/org/mongodb/mongodb-driver/3.12.0/mongodb-driver-3.12.0.jar:/Users/rajatsharma/.m2/repository/org/mongodb/mongodb-driver-core/3.12.0/mongodb-driver-core-3.12.0.jar:/Users/rajatsharma/.m2/repository/org/mongodb/bson/3.12.0/bson-3.12.0.jar:"/>
    <property name="java.vm.vendor" value="Oracle Corporation"/>
    <property name="sun.arch.data.model" value="64"/>
    <property name="java.vendor.url" value="https://openjdk.java.net/"/>
    <property name="user.timezone" value="America/Detroit"/>
    <property name="os.name" value="Mac OS X"/>
    <property name="java.vm.specification.version" value="13"/>
    <property name="sun.java.launcher" value="SUN_STANDARD"/>
    <property name="user.country" value="US"/>
    <property name="sun.boot.library.path" value="/usr/local/Cellar/openjdk/13.0.2+8_2/libexec/openjdk.jdk/Contents/Home/lib"/>
    <property name="sun.java.command" value="/Users/rajatsharma/eclipse-workspace/testNGFWK/target/surefire/surefirebooter6424293050167956007.jar /Users/rajatsharma/eclipse-workspace/testNGFWK/target/surefire 2020-08-06T15-47-46_288-jvmRun1 surefire10782731332860519217tmp surefire_014385268936022615559tmp"/>
    <property name="http.nonProxyHosts" value="local|*.local|169.254/16|*.169.254/16"/>
    <property name="jdk.debug" value="release"/>
    <property name="surefire.test.class.path" value="/Users/rajatsharma/eclipse-workspace/testNGFWK/target/test-classes:/Users/rajatsharma/eclipse-workspace/testNGFWK/target/classes:/Users/rajatsharma/.m2/repository/org/testng/testng/7.0.0/testng-7.0.0.jar:/Users/rajatsharma/.m2/repository/com/beust/jcommander/1.72/jcommander-1.72.jar:/Users/rajatsharma/.m2/repository/com/aventstack/extentreports/4.1.5/extentreports-4.1.5.jar:/Users/rajatsharma/.m2/repository/org/freemarker/freemarker/2.3.29/freemarker-2.3.29.jar:/Users/rajatsharma/.m2/repository/org/apache/httpcomponents/httpclient/4.5.2/httpclient-4.5.2.jar:/Users/rajatsharma/.m2/repository/org/apache/httpcomponents/httpcore/4.4.4/httpcore-4.4.4.jar:/Users/rajatsharma/.m2/repository/commons-logging/commons-logging/1.2/commons-logging-1.2.jar:/Users/rajatsharma/.m2/repository/commons-codec/commons-codec/1.9/commons-codec-1.9.jar:/Users/rajatsharma/.m2/repository/org/apache/httpcomponents/httpmime/4.5.2/httpmime-4.5.2.jar:/Users/rajatsharma/.m2/repository/com/google/code/gson/gson/2.8.6/gson-2.8.6.jar:/Users/rajatsharma/.m2/repository/org/mongodb/mongodb-driver/3.12.0/mongodb-driver-3.12.0.jar:/Users/rajatsharma/.m2/repository/org/mongodb/mongodb-driver-core/3.12.0/mongodb-driver-core-3.12.0.jar:/Users/rajatsharma/.m2/repository/org/mongodb/bson/3.12.0/bson-3.12.0.jar:"/>
    <property name="sun.cpu.endian" value="little"/>
    <property name="user.home" value="/Users/rajatsharma"/>
    <property name="user.language" value="en"/>
    <property name="java.specification.vendor" value="Oracle Corporation"/>
    <property name="java.version.date" value="2020-01-14"/>
    <property name="java.home" value="/usr/local/Cellar/openjdk/13.0.2+8_2/libexec/openjdk.jdk/Contents/Home"/>
    <property name="file.separator" value="/"/>
    <property name="basedir" value="/Users/rajatsharma/eclipse-workspace/testNGFWK"/>
    <property name="java.vm.compressedOopsMode" value="Zero based"/>
    <property name="line.separator" value="&#10;"/>
    <property name="java.specification.name" value="Java Platform API Specification"/>
    <property name="java.vm.specification.vendor" value="Oracle Corporation"/>
    <property name="surefire.real.class.path" value="/Users/rajatsharma/eclipse-workspace/testNGFWK/target/surefire/surefirebooter6424293050167956007.jar"/>
    <property name="sun.management.compiler" value="HotSpot 64-Bit Tiered Compilers"/>
    <property name="ftp.nonProxyHosts" value="local|*.local|169.254/16|*.169.254/16"/>
    <property name="java.runtime.version" value="13.0.2+8"/>
    <property name="user.name" value="rajatsharma"/>
    <property name="path.separator" value=":"/>
    <property name="os.version" value="10.15.4"/>
    <property name="java.runtime.name" value="OpenJDK Runtime Environment"/>
    <property name="file.encoding" value="UTF-8"/>
    <property name="java.vm.name" value="OpenJDK 64-Bit Server VM"/>
    <property name="localRepository" value="/Users/rajatsharma/.m2/repository"/>
    <property name="java.vendor.url.bug" value="https://bugreport.java.com/bugreport/"/>
    <property name="java.io.tmpdir" value="/var/folders/gk/d7mbkj0n7tdf5_3cpvlsl9z40000gn/T/"/>
    <property name="java.version" value="13.0.2"/>
    <property name="user.dir" value="/Users/rajatsharma/eclipse-workspace/testNGFWK"/>
    <property name="os.arch" value="x86_64"/>
    <property name="java.vm.specification.name" value="Java Virtual Machine Specification"/>
    <property name="java.library.path" value="/Users/rajatsharma/Library/Java/Extensions:/Library/Java/Extensions:/Network/Library/Java/Extensions:/System/Library/Java/Extensions:/usr/lib/java:."/>
    <property name="java.vm.info" value="mixed mode, sharing"/>
    <property name="java.vendor" value="N/A"/>
    <property name="java.vm.version" value="13.0.2+8"/>
    <property name="sun.io.unicode.encoding" value="UnicodeBig"/>
    <property name="socksNonProxyHosts" value="local|*.local|169.254/16|*.169.254/16"/>
    <property name="java.class.version" value="57.0"/>
  </properties>
  <testcase name="CtestC" classname="suiteC.testC" time="0.008">
    <system-out><![CDATA[[TestNG] [WARN] Ignoring duplicate listener : Listeners.listener
[TestNG] [WARN] Ignoring duplicate listener : Listeners.listener
Test Started is CtestC
Test Started is AtestA
Test Started is BtestB
RajatINDIA248421
]]></system-out>
  </testcase>
  <testcase name="BtestB" classname="suiteB.testB" time="0.009">
    <system-out><![CDATA[CtestC Passed
]]></system-out>
  </testcase>
  <testcase name="AtestA[Rajat, INDIA, 248421](1)" classname="suiteA.testA" time="0.009">
    <system-out><![CDATA[BtestB Passed
]]></system-out>
  </testcase>
  <testcase name="AtestA[SHIVANI, US, 248420](2)" classname="suiteA.testA" time="0.002">
    <system-out><![CDATA[AtestA Passed
Test Started is AtestA
SHIVANIUS248420
]]></system-out>
  </testcase>
  <testcase name="AtestA[USHA, INDIA, 64611](3)" classname="suiteA.testA" time="0.008">
    <system-out><![CDATA[AtestA Passed
Test Started is AtestA
USHAINDIA64611
]]></system-out>
  </testcase>
  <testcase name="BBtestBB" classname="suiteB.testBB" time="0">
    <system-out><![CDATA[AtestA Passed
Test Started is BBtestBB
]]></system-out>
  </testcase>
  <testcase name="CtestCC" classname="suiteC.testCC" time="0.002">
    <system-out><![CDATA[BBtestBB Passed
Test Started is CtestCC
]]></system-out>
  </testcase>
  <testcase name="AAtestAA" classname="suiteA.testAA" time="0.001">
    <system-out><![CDATA[CtestCC Passed
Test Started is AAtestAA
]]></system-out>
  </testcase>
</testsuite>