<?xml version="1.0" encoding="UTF-8"?>
<!-- Generated by org.testng.reporters.JUnitReportReporter -->
<testsuite skipped="0" hostname="Rajats-MacBook-Air.local" name="suiteB.testB" tests="1" failures="0" timestamp="2020-08-06T15:49:51 EDT" time="0.032" errors="0">
  <testcase name="BtestB" time="0.032" classname="suiteB.testB"/>
</testsuite> <!-- suiteB.testB -->
