<?xml version="1.0" encoding="UTF-8"?>
<!-- Generated by org.testng.reporters.JUnitReportReporter -->
<testsuite skipped="0" hostname="Rajats-MacBook-Air.local" name="suiteC.testCC" tests="1" failures="0" timestamp="2020-08-05T17:59:18 EDT" time="0.049" errors="0">
  <testcase name="CtestCC" time="0.049" classname="suiteC.testCC"/>
</testsuite> <!-- suiteC.testCC -->
