<?xml version="1.0" encoding="UTF-8"?>
<!-- Generated by org.testng.reporters.JUnitReportReporter -->
<<<<<<< HEAD
<testsuite skipped="0" hostname="Rajats-MacBook-Air.local" name="suiteC.testC" tests="1" failures="0" timestamp="2020-08-05T18:28:24 EDT" time="0.042" errors="0">
  <testcase name="CtestC" time="0.042" classname="suiteC.testC"/>
=======
<testsuite skipped="0" hostname="Shivanis-MacBook-Pro.local" name="suiteC.testC" tests="1" failures="0" timestamp="2020-08-05T18:27:23 EDT" time="0.014" errors="0">
  <testcase name="CtestC" time="0.014" classname="suiteC.testC"/>
>>>>>>> dad426847fe861d6abd5f4d92feed9ca89c8dd20
</testsuite> <!-- suiteC.testC -->
