<?xml version="1.0" encoding="UTF-8"?>
<!-- Generated by org.testng.reporters.JUnitReportReporter -->
<testsuite skipped="0" hostname="Rajats-MacBook-Air.local" name="suiteC.testC" tests="1" failures="0" timestamp="2020-08-06T15:50:16 EDT" time="0.036" errors="0">
  <testcase name="CtestC" time="0.036" classname="suiteC.testC"/>
</testsuite> <!-- suiteC.testC -->
