<?xml version="1.0" encoding="UTF-8"?>
<!-- Generated by org.testng.reporters.JUnitReportReporter -->
<testsuite skipped="0" hostname="Rajats-MacBook-Air.local" name="suiteA.testA" tests="3" failures="0" timestamp="2020-08-06T15:50:11 EDT" time="0.577" errors="0">
  <testcase name="AtestA" time="0.023" classname="suiteA.testA"/>
  <testcase name="AtestA" time="0.380" classname="suiteA.testA"/>
  <testcase name="AtestA" time="0.174" classname="suiteA.testA"/>
</testsuite> <!-- suiteA.testA -->
