<?xml version="1.0" encoding="UTF-8"?>
<!-- Generated by org.testng.reporters.JUnitReportReporter -->
<<<<<<< HEAD
<testsuite skipped="0" hostname="Rajats-MacBook-Air.local" name="suiteB.testB" tests="1" failures="0" timestamp="2020-08-05T18:28:04 EDT" time="0.034" errors="0">
  <testcase name="BtestB" time="0.034" classname="suiteB.testB"/>
=======
<testsuite skipped="0" hostname="Shivanis-MacBook-Pro.local" name="suiteB.testB" tests="1" failures="0" timestamp="2020-08-05T18:27:23 EDT" time="0.028" errors="0">
  <testcase name="BtestB" time="0.028" classname="suiteB.testB"/>
>>>>>>> dad426847fe861d6abd5f4d92feed9ca89c8dd20
</testsuite> <!-- suiteB.testB -->
