<?xml version="1.0" encoding="UTF-8"?>
<!-- Generated by org.testng.reporters.JUnitReportReporter -->
<<<<<<< HEAD
<testsuite skipped="0" hostname="Rajats-MacBook-Air.local" name="suiteA.testA" tests="1" failures="0" timestamp="2020-08-05T18:28:19 EDT" time="0.513" errors="0">
  <testcase name="AtestA" time="0.513" classname="suiteA.testA"/>
=======
<testsuite skipped="0" hostname="Shivanis-MacBook-Pro.local" name="suiteA.testA" tests="1" failures="0" timestamp="2020-08-05T18:27:23 EDT" time="0.358" errors="0">
  <testcase name="AtestA" time="0.358" classname="suiteA.testA"/>
>>>>>>> dad426847fe861d6abd5f4d92feed9ca89c8dd20
</testsuite> <!-- suiteA.testA -->
