<?xml version="1.0" encoding="UTF-8"?>
<!-- Generated by org.testng.reporters.JUnitReportReporter -->
<testsuite skipped="0" hostname="Rajats-MacBook-Air.local" name="suiteC.testCC" tests="1" failures="0" timestamp="2020-08-06T15:50:06 EDT" time="0.034" errors="0">
  <testcase name="CtestCC" time="0.034" classname="suiteC.testCC"/>
</testsuite> <!-- suiteC.testCC -->
