<?xml version="1.0" encoding="UTF-8"?>
<!-- Generated by org.testng.reporters.JUnitReportReporter -->
<testsuite skipped="0" hostname="Rajats-MacBook-Air.local" name="suiteB.testBB" tests="1" failures="0" timestamp="2020-08-06T15:50:01 EDT" time="0.028" errors="0">
  <testcase name="BBtestBB" time="0.028" classname="suiteB.testBB"/>
</testsuite> <!-- suiteB.testBB -->
