<?xml version="1.0" encoding="UTF-8"?>
<!-- Generated by org.testng.reporters.JUnitReportReporter -->
<testsuite skipped="0" hostname="Rajats-MacBook-Air.local" name="suiteB.testBB" tests="1" failures="0" timestamp="2020-08-05T22:10:47 EDT" time="0.025" errors="0">
  <testcase name="BBtestBB" time="0.025" classname="suiteB.testBB"/>
</testsuite> <!-- suiteB.testBB -->
