<?xml version="1.0" encoding="UTF-8"?>
<!-- Generated by org.testng.reporters.JUnitReportReporter -->
<testsuite skipped="0" hostname="Shivanis-MacBook-Pro.local" name="suiteC.testC" tests="1" failures="0" timestamp="2020-08-05T18:27:23 EDT" time="0.014" errors="0">
  <testcase name="CtestC" time="0.014" classname="suiteC.testC"/>
</testsuite> <!-- suiteC.testC -->
