<?xml version="1.0" encoding="UTF-8"?>
<!-- Generated by org.testng.reporters.JUnitReportReporter -->
<testsuite skipped="0" hostname="Shivanis-MacBook-Pro.local" name="suiteB.testB" tests="1" failures="0" timestamp="2020-08-05T18:27:23 EDT" time="0.028" errors="0">
  <testcase name="BtestB" time="0.028" classname="suiteB.testB"/>
</testsuite> <!-- suiteB.testB -->
