<?xml version="1.0" encoding="UTF-8"?>
<!-- Generated by org.testng.reporters.JUnitReportReporter -->
<testsuite skipped="0" hostname="Rajats-MacBook-Air.local" name="suiteA.testAA" tests="1" failures="0" timestamp="2020-08-05T18:13:53 EDT" time="0.643" errors="0">
  <testcase name="AAtestAA" time="0.643" classname="suiteA.testAA"/>
</testsuite> <!-- suiteA.testAA -->
