<?xml version="1.0" encoding="UTF-8"?>
<!-- Generated by org.testng.reporters.JUnitReportReporter -->
<testsuite skipped="0" hostname="Shivanis-MacBook-Pro.local" name="suiteC.testCC" tests="1" failures="0" timestamp="2020-08-05T18:27:23 EDT" time="0.013" errors="0">
  <testcase name="CtestCC" time="0.013" classname="suiteC.testCC"/>
</testsuite> <!-- suiteC.testCC -->
