<?xml version="1.0" encoding="UTF-8"?>
<!-- Generated by org.testng.reporters.JUnitReportReporter -->
<testsuite skipped="0" hostname="Rajats-MacBook-Air.local" name="suiteA.testA" tests="3" failures="0" timestamp="2020-08-06T20:58:44 EDT" time="0.652" errors="0">
  <testcase name="AtestA" time="0.405" classname="suiteA.testA"/>
  <testcase name="AtestA" time="0.211" classname="suiteA.testA"/>
  <testcase name="AtestA" time="0.036" classname="suiteA.testA"/>
</testsuite> <!-- suiteA.testA -->
