<?xml version="1.0" encoding="UTF-8"?>
<!-- Generated by org.testng.reporters.JUnitReportReporter -->
<testsuite skipped="0" hostname="Rajats-MacBook-Air.local" name="suiteC.testC" tests="1" failures="0" timestamp="2020-08-05T17:59:28 EDT" time="0.149" errors="0">
  <testcase name="CtestC" time="0.149" classname="suiteC.testC"/>
</testsuite> <!-- suiteC.testC -->
