<?xml version="1.0" encoding="UTF-8"?>
<!-- Generated by org.testng.reporters.JUnitReportReporter -->
<testsuite hostname="Rajats-MacBook-Air.local" failures="0" tests="1" name="suiteA.testA" time="1.091" errors="0" timestamp="2020-08-05T22:00:45 EDT" skipped="0">
  <testcase classname="suiteA.testA" name="AtestA" time="1.091"/>
</testsuite> <!-- suiteA.testA -->
