<?xml version="1.0" encoding="UTF-8"?>
<!-- Generated by org.testng.reporters.JUnitReportReporter -->
<testsuite hostname="Rajats-MacBook-Air.local" failures="0" tests="1" name="suiteB.testBB" time="1.072" errors="0" timestamp="2020-08-05T18:01:13 EDT" skipped="0">
  <testcase classname="suiteB.testBB" name="BBtestBB" time="1.072"/>
</testsuite> <!-- suiteB.testBB -->
