<?xml version="1.0" encoding="UTF-8"?>
<!-- Generated by org.testng.reporters.JUnitReportReporter -->
<testsuite hostname="Rajats-MacBook-Air.local" failures="0" tests="3" name="suiteA.testA" time="0.959" errors="0" timestamp="2020-08-06T15:47:53 EDT" skipped="0">
  <testcase classname="suiteA.testA" name="AtestA" time="0.046"/>
  <testcase classname="suiteA.testA" name="AtestA" time="0.278"/>
  <testcase classname="suiteA.testA" name="AtestA" time="0.635"/>
</testsuite> <!-- suiteA.testA -->
