<?xml version="1.0" encoding="UTF-8"?>
<!-- Generated by org.testng.reporters.JUnitReportReporter -->
<testsuite hostname="Rajats-MacBook-Air.local" failures="0" tests="1" name="suiteB.testBB" time="0.044" errors="0" timestamp="2020-08-06T15:47:53 EDT" skipped="0">
  <testcase classname="suiteB.testBB" name="BBtestBB" time="0.044"/>
</testsuite> <!-- suiteB.testBB -->
