<?xml version="1.0" encoding="UTF-8"?>
<!-- Generated by org.testng.reporters.JUnitReportReporter -->
<testsuite hostname="Rajats-MacBook-Air.local" failures="0" tests="1" name="suiteC.testC" time="0.863" errors="0" timestamp="2020-08-06T15:47:53 EDT" skipped="0">
  <testcase classname="suiteC.testC" name="CtestC" time="0.863"/>
</testsuite> <!-- suiteC.testC -->
