<?xml version="1.0" encoding="UTF-8"?>
<!-- Generated by org.testng.reporters.JUnitReportReporter -->
<testsuite hostname="Rajats-MacBook-Air.local" failures="0" tests="1" name="suiteB.testB" time="1.136" errors="0" timestamp="2020-08-05T22:00:45 EDT" skipped="0">
  <testcase classname="suiteB.testB" name="BtestB" time="1.136"/>
</testsuite> <!-- suiteB.testB -->
